APP_BIN_NAME=DuckyClaw
APP_VERSION=1.0.0
TARGET_PLATFORM=bk7258
APP_PATH=../../..//e/TuyaOpen/DuckyClaw
USER_CMD=build
/e/TuyaOpen/DuckyClaw/TuyaOpen/platform/T5AI/t5_os
not is ci build
APP_DIR:apps
bootloader check ok
Python version: 3.10
Not in apt environment (MSYS/MINGW), skipping apt check and continuing...
Virtual environment already exists.
Activate script not found.
build.sh: line 178: /e/TuyaOpen/DuckyClaw/TuyaOpen/platform/T5AI/t5_os/projects/tuya_app/tuya_build_env/bin/activate: No such file or directory
Failed to activate virtual environment.
build.sh: line 179: /e/TuyaOpen/DuckyClaw/TuyaOpen/platform/T5AI/t5_os/projects/tuya_app/tuya_build_env/bin/pip3: No such file or directory
Failed to install required Python packages.
build.sh: line 179: deactivate: command not found
Failed to enable python virtual environment.
!!!!!!!!!!!!!!!!!!!!!!!!!!!!!! TODO app_resource_config.json
Start Compile
make bk7258 PROJECT=tuya_app BUILD_DIR=../build APP_NAME=DuckyClaw APP_VERSION=1.0.0 -j
ARMINO_SOC is set to bk7258
ARMINO_TARGET is set to build
armino project path=E:/TuyaOpen/DuckyClaw/TuyaOpen/platform/T5AI/t5_os/projects/tuya_app
armino ap path=E:/TuyaOpen/DuckyClaw/TuyaOpen/platform/T5AI/t5_os/ap
armino cp path=E:/TuyaOpen/DuckyClaw/TuyaOpen/platform/T5AI/t5_os/cp
armino build path=E:/TuyaOpen/DuckyClaw/TuyaOpen/platform/T5AI/t5_os/build/bk7258/tuya_app
[bk_build_auto_partition.py|INFO] Enter Armino Auto Partition
[bk_auto_partition|INFO] read parititon table from E:\TuyaOpen\DuckyClaw\TuyaOpen\platform\T5AI\t5_os\projects\tuya_app\partitions\bk7258\auto_partitions.csv
[bk_auto_partition|INFO] save partition csv to E:\TuyaOpen\DuckyClaw\TuyaOpen\platform\T5AI\t5_os\build\bk7258\tuya_app\partitions\partitions.csv
[bk_auto_partition|INFO] save partition json to E:\TuyaOpen\DuckyClaw\TuyaOpen\platform\T5AI\t5_os\build\bk7258\tuya_app\partitions\partitions.json
[bk_flash_partiton|INFO] read parititons from E:\TuyaOpen\DuckyClaw\TuyaOpen\platform\T5AI\t5_os\build\bk7258\tuya_app\partitions\partitions.json
[bk_flash_partiton|INFO] gen partition layout header to E:\TuyaOpen\DuckyClaw\TuyaOpen\platform\T5AI\t5_os\build\bk7258\tuya_app\partitions\partitions_gen.h
[bk_flash_partiton|INFO] gen package json: E:\TuyaOpen\DuckyClaw\TuyaOpen\platform\T5AI\t5_os\build\bk7258\tuya_app\partitions\bk_package.json
[bk_ota_partition|INFO] read parititons from E:\TuyaOpen\DuckyClaw\TuyaOpen\platform\T5AI\t5_os\build\bk7258\tuya_app\partitions\partitions.json
[bk_build_ram_regions.py|INFO] Enter Armino Ram Regions Parititons
[bk_ota_partition|INFO] gen package json: E:\TuyaOpen\DuckyClaw\TuyaOpen\platform\T5AI\t5_os\build\bk7258\tuya_app\partitions\bk_ota_partitions.json
[bk_ram_region|INFO] generate ram region header file: E:\TuyaOpen\DuckyClaw\TuyaOpen\platform\T5AI\t5_os\build\bk7258\tuya_app\partitions\ram_regions.h
===================== Partitions Table =====================
Name                              Offset            Size    
------------------------------------------------------------
primary_bootloader              0x00000000          68K     
primary_cp_app                  0x00011000         1224K    
primary_ap_app                  0x00143000         3876K    
ota                             0x0050c000         1780K    
ota_mgr                         0x006c9000           8K     
usr_config                      0x006cb000         1024K    
res                             0x007cb000           8K     
tuya_data                       0x007cd000          196K    
sys_rf                          0x007fe000           4K     
sys_net                         0x007ff000           4K     
============================================================
make[1]: Entering directory 'E:/TuyaOpen/DuckyClaw/TuyaOpen/platform/T5AI/t5_os/ap'
make[1]: Entering directory 'E:/TuyaOpen/DuckyClaw/TuyaOpen/platform/T5AI/t5_os/cp'
build bk7258_ap
build bk7258
Changing ARMINO_PATH environment variable to: e:\tuyaopen\duckyclaw\tuyaopen\platform\t5ai\t5_os
E:\TuyaOpen\DuckyClaw\TuyaOpen\platform\T5AI\t5_os\tools\build_tools\armino:366: DeprecationWarning: 'MultiCommand' is deprecated and will be removed in Click 9.0. Use 'Group' instead.
  class CLI(click.MultiCommand):
Changing ARMINO_PATH environment variable to: e:\tuyaopen\duckyclaw\tuyaopen\platform\t5ai\t5_os
E:\TuyaOpen\DuckyClaw\TuyaOpen\platform\T5AI\t5_os\tools\build_tools\armino:366: DeprecationWarning: 'MultiCommand' is deprecated and will be removed in Click 9.0. Use 'Group' instead.
  class CLI(click.MultiCommand):
CMake Deprecation Warning at CMakeLists.txt:3 (cmake_minimum_required):
  Compatibility with CMake < 3.10 will be removed from a future version of
  CMake.

  Update the VERSION argument <min> value.  Or, use the <min>...<max> syntax
  to tell CMake that the project requires at least <min> but has been updated
  to work with policies introduced by <max> or earlier.


CMake Deprecation Warning at E:/TuyaOpen/DuckyClaw/TuyaOpen/platform/T5AI/t5_os/tools/build_tools/cmake/project.cmake:2 (cmake_minimum_required):
  Compatibility with CMake < 3.10 will be removed from a future version of
  CMake.

  Update the VERSION argument <min> value.  Or, use the <min>...<max> syntax
  to tell CMake that the project requires at least <min> but has been updated
  to work with policies introduced by <max> or earlier.
Call Stack (most recent call first):
  CMakeLists.txt:12 (include)


-- Found Git: C:/Program Files/Git/mingw64/bin/git.exe (found version "2.53.0.windows.2")
-- ARMINO_TOOLS_PATH is E:/TuyaOpen/DuckyClaw/TuyaOpen/platform/T5AI/t5_os/tools
CMake Deprecation Warning at CMakeLists.txt:3 (cmake_minimum_required):
  Compatibility with CMake < 3.10 will be removed from a future version of
  CMake.

  Update the VERSION argument <min> value.  Or, use the <min>...<max> syntax
  to tell CMake that the project requires at least <min> but has been updated
  to work with policies introduced by <max> or earlier.


CMake Deprecation Warning at E:/TuyaOpen/DuckyClaw/TuyaOpen/platform/T5AI/t5_os/tools/build_tools/cmake/project.cmake:2 (cmake_minimum_required):
  Compatibility with CMake < 3.10 will be removed from a future version of
  CMake.

  Update the VERSION argument <min> value.  Or, use the <min>...<max> syntax
  to tell CMake that the project requires at least <min> but has been updated
  to work with policies introduced by <max> or earlier.
Call Stack (most recent call first):
  CMakeLists.txt:12 (include)


-- Found Git: C:/Program Files/Git/mingw64/bin/git.exe (found version "2.53.0.windows.2")
-- ARMINO_TOOLS_PATH is E:/TuyaOpen/DuckyClaw/TuyaOpen/platform/T5AI/t5_os/tools
-- LIB_HASH IS "9c9c389f19fa7c6ee33018459c75c6f6"
-- global toolchain file: E:/TuyaOpen/DuckyClaw/TuyaOpen/platform/T5AI/t5_os/cp/middleware/soc/bk7258/toolchain-bk7258.cmake
-- The C compiler identification is GNU 10.3.1
-- LIB_HASH IS "e4f7339447f4c89e725dc308e334ced5"
-- global toolchain file: E:/TuyaOpen/DuckyClaw/TuyaOpen/platform/T5AI/t5_os/ap/middleware/soc/bk7258_ap/toolchain-bk7258_ap.cmake
-- The CXX compiler identification is GNU 10.3.1
-- The C compiler identification is GNU 10.3.1
-- The ASM compiler identification is GNU
-- Found assembler: E:/TuyaOpen/DuckyClaw/TuyaOpen/platform/tools/gcc-arm-none-eabi-10.3-2021.10/bin/arm-none-eabi-gcc.exe
-- Detecting C compiler ABI info
-- Detecting C compiler ABI info - done
-- Check for working C compiler: E:/TuyaOpen/DuckyClaw/TuyaOpen/platform/tools/gcc-arm-none-eabi-10.3-2021.10/bin/arm-none-eabi-gcc.exe - skipped
-- Detecting C compile features
-- Detecting C compile features - done
-- The CXX compiler identification is GNU 10.3.1
-- Detecting CXX compiler ABI info
-- The ASM compiler identification is GNU
-- Found assembler: E:/TuyaOpen/DuckyClaw/TuyaOpen/platform/tools/gcc-arm-none-eabi-10.3-2021.10/bin/arm-none-eabi-gcc.exe
-- Detecting C compiler ABI info
-- Detecting CXX compiler ABI info - done
-- Check for working CXX compiler: E:/TuyaOpen/DuckyClaw/TuyaOpen/platform/tools/gcc-arm-none-eabi-10.3-2021.10/bin/arm-none-eabi-g++.exe - skipped
-- Detecting CXX compile features
-- Detecting CXX compile features - done
-- Building Beken ARMINO components for target T5 CP
-- Detecting C compiler ABI info - done
-- enter check_verify_env_varible
-- Check for working C compiler: E:/TuyaOpen/DuckyClaw/TuyaOpen/platform/tools/gcc-arm-none-eabi-10.3-2021.10/bin/arm-none-eabi-gcc.exe - skipped
-- Detecting C compile features
-- Detecting C compile features - done
-- Detecting CXX compiler ABI info
-- Detecting CXX compiler ABI info - done
-- Check for working CXX compiler: E:/TuyaOpen/DuckyClaw/TuyaOpen/platform/tools/gcc-arm-none-eabi-10.3-2021.10/bin/arm-none-eabi-g++.exe - skipped
-- Detecting CXX compile features
-- Detecting CXX compile features - done
-- Building Beken ARMINO components for target T5 AP
E:/tuyaopen/duckyclaw/tuyaopen/platform/t5ai/t5_os/build/bk7258/tuya_app/bk7258/kconfigs.in
E:/tuyaopen/duckyclaw/tuyaopen/platform/t5ai/t5_os/build/bk7258/tuya_app/bk7258/components_kconfigs.in
E:/tuyaopen/duckyclaw/tuyaopen/platform/t5ai/t5_os/build/bk7258/tuya_app/bk7258/kconfigs.in
E:/tuyaopen/duckyclaw/tuyaopen/platform/t5ai/t5_os/build/bk7258/tuya_app/bk7258/middleware_kconfigs.in
E:/tuyaopen/duckyclaw/tuyaopen/platform/t5ai/t5_os/build/bk7258/tuya_app/bk7258/kconfigs.in
E:/tuyaopen/duckyclaw/tuyaopen/platform/t5ai/t5_os/build/bk7258/tuya_app/bk7258/projects_kconfigs.in
E:/tuyaopen/duckyclaw/tuyaopen/platform/t5ai/t5_os/build/bk7258/tuya_app/bk7258/kconfigs.in
E:/tuyaopen/duckyclaw/tuyaopen/platform/t5ai/t5_os/build/bk7258/tuya_app/bk7258/properties_kconfigs.in
E:/tuyaopen/duckyclaw/tuyaopen/platform/t5ai/t5_os/build/bk7258/tuya_app/bk7258/kconfigs.in
E:/tuyaopen/duckyclaw/tuyaopen/platform/t5ai/t5_os/build/bk7258/tuya_app/bk7258/extra_kconfigs.in
-- enter check_verify_env_varible
warning: DMA_LOGIC_CHAN_CNT (defined at E:/TuyaOpen/DuckyClaw/TuyaOpen/platform/T5AI/t5_os/cp/middleware/driver/general_dma/Kconfig:6) defined with multiple prompts in single location
warning: DMA_LOGIC_CHAN_ID_MIN (defined at E:/TuyaOpen/DuckyClaw/TuyaOpen/platform/T5AI/t5_os/cp/middleware/driver/general_dma/Kconfig:12) defined with multiple prompts in single location
warning: DIGLDO_LOW_VOLTAGE_ENABLE (defined at E:/TuyaOpen/DuckyClaw/TuyaOpen/platform/T5AI/t5_os/cp/middleware/driver/pwr_clk/Kconfig:65) has leading or trailing whitespace in its prompt
warning: The int symbol UART_ATE_PORT (defined at E:/TuyaOpen/DuckyClaw/TuyaOpen/platform/T5AI/t5_os/cp/middleware/driver/uart/Kconfig:31) is being evaluated in a logical context somewhere. It will always evaluate to n.
Loading defaults file E:/TuyaOpen/DuckyClaw/TuyaOpen/platform/T5AI/t5_os/cp/middleware/soc/bk7258/bk7258.defconfig...
Loading defaults file E:/TuyaOpen/DuckyClaw/TuyaOpen/platform/T5AI/t5_os/projects/tuya_app/cp/config/bk7258/config...
-- enter check_verify_env_varible
CMake Deprecation Warning at E:/TuyaOpen/DuckyClaw/TuyaOpen/platform/T5AI/t5_os/tools/build_tools/build_files/build_main.cmake:1 (cmake_minimum_required):
  Compatibility with CMake < 3.10 will be removed from a future version of
  CMake.

  Update the VERSION argument <min> value.  Or, use the <min>...<max> syntax
  to tell CMake that the project requires at least <min> but has been updated
  to work with policies introduced by <max> or earlier.
Call Stack (most recent call first):
  E:/TuyaOpen/DuckyClaw/TuyaOpen/platform/T5AI/t5_os/cp/CMakeLists.txt:1 (include)


WARINIG bt_host_exist 0
WARINIG bt_host_basename .a
WARINIG bt_controller_basename libbluetooth_controller_controller_only_ble.a
-- Include directory 'E:/TuyaOpen/DuckyClaw/TuyaOpen/platform/T5AI/t5_os/cp/middleware/driver/jpeg_enc' is not a directory.
-- Include directory 'E:/TuyaOpen/DuckyClaw/TuyaOpen/platform/T5AI/t5_os/cp/components/bk_pm/include' is not a directory.
-- Include directory 'E:/TuyaOpen/DuckyClaw/TuyaOpen/platform/T5AI/t5_os/cp/components/controller_if/include' is not a directory.
-- Include directory 'E:/TuyaOpen/DuckyClaw/TuyaOpen/platform/T5AI/t5_os/cp/components/wpa_supplicant-2.10/include/bk_private' is not a directory.
E:/tuyaopen/duckyclaw/tuyaopen/platform/t5ai/t5_os/build/bk7258/tuya_app/bk7258_ap/kconfigs.in
E:/tuyaopen/duckyclaw/tuyaopen/platform/t5ai/t5_os/build/bk7258/tuya_app/bk7258_ap/components_kconfigs.in
E:/tuyaopen/duckyclaw/tuyaopen/platform/t5ai/t5_os/build/bk7258/tuya_app/bk7258_ap/kconfigs.in
E:/tuyaopen/duckyclaw/tuyaopen/platform/t5ai/t5_os/build/bk7258/tuya_app/bk7258_ap/middleware_kconfigs.in
E:/tuyaopen/duckyclaw/tuyaopen/platform/t5ai/t5_os/build/bk7258/tuya_app/bk7258_ap/kconfigs.in
E:/tuyaopen/duckyclaw/tuyaopen/platform/t5ai/t5_os/build/bk7258/tuya_app/bk7258_ap/projects_kconfigs.in
E:/tuyaopen/duckyclaw/tuyaopen/platform/t5ai/t5_os/build/bk7258/tuya_app/bk7258_ap/kconfigs.in
E:/tuyaopen/duckyclaw/tuyaopen/platform/t5ai/t5_os/build/bk7258/tuya_app/bk7258_ap/properties_kconfigs.in
E:/tuyaopen/duckyclaw/tuyaopen/platform/t5ai/t5_os/build/bk7258/tuya_app/bk7258_ap/kconfigs.in
E:/tuyaopen/duckyclaw/tuyaopen/platform/t5ai/t5_os/build/bk7258/tuya_app/bk7258_ap/extra_kconfigs.in
-- Include directory 'E:/TuyaOpen/DuckyClaw/TuyaOpen/platform/T5AI/t5_os/cp/components/bk_net/include' is not a directory.
-- bk_libs and toolchain version verify success...
warning: ADK_AUTO_TEST_PIPELINE (defined at E:/TuyaOpen/DuckyClaw/TuyaOpen/platform/T5AI/t5_os/ap/components/bk_audio/audio_pipeline/Kconfig:34) has leading or trailing whitespace in its prompt
warning: ADK_AUTO_TEST_ELEMENT (defined at E:/TuyaOpen/DuckyClaw/TuyaOpen/platform/T5AI/t5_os/ap/components/bk_audio/audio_pipeline/Kconfig:39) has leading or trailing whitespace in its prompt
warning: ADK_AUTO_TEST_EVENT (defined at E:/TuyaOpen/DuckyClaw/TuyaOpen/platform/T5AI/t5_os/ap/components/bk_audio/audio_pipeline/Kconfig:44) has leading or trailing whitespace in its prompt
-- enter check_verify_env_varible
warning: DMA_LOGIC_CHAN_CNT (defined at E:/TuyaOpen/DuckyClaw/TuyaOpen/platform/T5AI/t5_os/ap/middleware/driver/general_dma/Kconfig:6) defined with multiple prompts in single location
warning: DMA_LOGIC_CHAN_ID_MIN (defined at E:/TuyaOpen/DuckyClaw/TuyaOpen/platform/T5AI/t5_os/ap/middleware/driver/general_dma/Kconfig:12) defined with multiple prompts in single location
warning: DIGLDO_LOW_VOLTAGE_ENABLE (defined at E:/TuyaOpen/DuckyClaw/TuyaOpen/platform/T5AI/t5_os/ap/middleware/driver/pwr_clk/Kconfig:65) has leading or trailing whitespace in its prompt
warning: default on the choice symbol LFS_THREADSAFE (defined at E:/TuyaOpen/DuckyClaw/TuyaOpen/platform/T5AI/t5_os/ap/components/littlefs/Kconfig:21) will have no effect, as defaults do not affect choice symbols
-- [Select ld file]: E:/TuyaOpen/DuckyClaw/TuyaOpen/platform/T5AI/t5_os/cp/middleware/soc/bk7258/bk7258_bsp.ld.
-- Adding linker script E:/TuyaOpen/DuckyClaw/TuyaOpen/platform/T5AI/t5_os/build/bk7258/tuya_app/bk7258/armino/bk7258/bk7258_out.ld
Loading defaults file E:/TuyaOpen/DuckyClaw/TuyaOpen/platform/T5AI/t5_os/ap/middleware/soc/bk7258_ap/bk7258_ap.defconfig...
Loading defaults file E:/TuyaOpen/DuckyClaw/TuyaOpen/platform/T5AI/t5_os/projects/tuya_app/ap/config/bk7258_ap/config...
-- Include directory 'E:/TuyaOpen/DuckyClaw/TuyaOpen/platform/T5AI/t5_os/cp/components/at_server/atsvr_cmd' is not a directory.
-- Include directory 'E:/TuyaOpen/DuckyClaw/TuyaOpen/adapter/utilities/include' is not a directory.
-- Include directory 'E:/TuyaOpen/DuckyClaw/TuyaOpen/include/base/include' is not a directory.
Check defconfig: E:/TuyaOpen/DuckyClaw/TuyaOpen/platform/T5AI/t5_os/cp/middleware/soc/bk7258/bk7258.defconfig
-- Components: adc_key app at at_server base64 bk7258 bk_adapter bk_ate bk_bluetooth bk_cli bk_common bk_event bk_httpc bk_init bk_libs bk_log bk_netif bk_phy bk_pm bk_ps bk_rtos bk_startup bk_system bk_uid bk_wifi bt cm33 cmsis common compal console controller_if coredump cp driver easy_flash embeded_gcov hmac_sha_256 include iperf json key_handle lwip_intf_v2_1 mesh os os_source part_table partitions psa_mbedtls release saradc_intf temp_detect touch tuyaos_adapter uart_debug unity utf8 vnd_cal webclient wpa_supplicant-2.10
-- Configuring done (3.5s)
-- enter check_verify_env_varible
CMake Deprecation Warning at E:/TuyaOpen/DuckyClaw/TuyaOpen/platform/T5AI/t5_os/tools/build_tools/build_files/build_main.cmake:1 (cmake_minimum_required):
  Compatibility with CMake < 3.10 will be removed from a future version of
  CMake.

  Update the VERSION argument <min> value.  Or, use the <min>...<max> syntax
  to tell CMake that the project requires at least <min> but has been updated
  to work with policies introduced by <max> or earlier.
Call Stack (most recent call first):
  E:/TuyaOpen/DuckyClaw/TuyaOpen/platform/T5AI/t5_os/ap/CMakeLists.txt:1 (include)


-- Include directory 'E:/TuyaOpen/DuckyClaw/TuyaOpen/platform/T5AI/t5_os/ap/components/bk_usb/CherryUSB/demo/beken/usb_host' is not a directory.
-- Include directory 'E:/TuyaOpen/DuckyClaw/TuyaOpen/platform/T5AI/t5_os/ap/components/bk_dvp/include' is not a directory.
-- Include directory 'E:/TuyaOpen/DuckyClaw/TuyaOpen/platform/T5AI/t5_os/ap/components/bk_uvc/include' is not a directory.
-- Include directory 'E:/TuyaOpen/DuckyClaw/TuyaOpen/platform/T5AI/t5_os/ap/components/bk_wifi_driver/include' is not a directory.
WARINIG bt_host_exist 1
WARINIG bt_host_basename libbluetooth_host_ble_ap.a
-- Generating done (0.6s)
-- Build files have been written to: E:/tuyaopen/duckyclaw/tuyaopen/platform/t5ai/t5_os/build/bk7258/tuya_app/bk7258
-- bk_libs and toolchain version verify success...
CMake Warning (dev) at E:/TuyaOpen/DuckyClaw/TuyaOpen/platform/T5AI/t5_os/ap/components/bk_libs/CMakeLists.txt:67 (message):
  NOT use bk helix, this lib offered by tuya
This warning is for project developers.  Use -Wno-dev to suppress it.

Executing action: set-target
Build directory 'e:\tuyaopen\duckyclaw\tuyaopen\platform\t5ai\t5_os\build\bk7258\tuya_app\bk7258' not found. Nothing to clean.
Running cmake in directory e:\tuyaopen\duckyclaw\tuyaopen\platform\t5ai\t5_os\build\bk7258\tuya_app\bk7258
Executing "cmake -G Ninja -DPYTHON_DEPS_CHECKED=1 -DBEKEN_PLATFORM=1 -DARMINO_SOC=bk7258 -DCCACHE_ENABLE=0 e:\tuyaopen\duckyclaw\tuyaopen\platform\t5ai\t5_os\projects\tuya_app"...
Done
-- enter check_verify_env_varible
-- Include directory 'E:/TuyaOpen/DuckyClaw/TuyaOpen/platform/T5AI/t5_os/projects/tuya_app/main' is not a directory.
-- [Select ld file]: E:/TuyaOpen/DuckyClaw/TuyaOpen/platform/T5AI/t5_os/ap/middleware/soc/bk7258_ap/bk7258_ap_bsp.ld.
-- Adding linker script E:/TuyaOpen/DuckyClaw/TuyaOpen/platform/T5AI/t5_os/build/bk7258/tuya_app/bk7258_ap/armino/bk7258_ap/bk7258_ap_out.ld
-- Include directory 'E:/TuyaOpen/DuckyClaw/TuyaOpen/platform/T5AI/t5_os/ap/components/bk_asr_service/include' is not a directory.
-- Include directory 'E:/TuyaOpen/DuckyClaw/TuyaOpen/platform/T5AI/t5_os/ap/components/bk_audio/audio_pipeline/include' is not a directory.
-- Include directory 'E:/TuyaOpen/DuckyClaw/TuyaOpen/platform/T5AI/t5_os/ap/components/bk_audio/audio_utils/include' is not a directory.
-- Include directory 'E:/TuyaOpen/DuckyClaw/TuyaOpen/platform/T5AI/t5_os/ap/components/bk_pm/include' is not a directory.
-- Include directory 'E:/TuyaOpen/DuckyClaw/TuyaOpen/include/base/include' is not a directory.
Check defconfig: E:/TuyaOpen/DuckyClaw/TuyaOpen/platform/T5AI/t5_os/ap/middleware/soc/bk7258_ap/bk7258_ap.defconfig
-- Components: aac_encoder acc_decoder adc_key aec_algorithm aec_v3_algorithm agc_algorithm ap app array_stream at_server audio_pipeline audio_play audio_record audio_utils avdk_utils base64 bk7258_ap bk_adapter bk_asr_service bk_aud_param_ctrl bk_bluetooth bk_cli bk_common bk_draw_blend bk_dvp bk_event bk_httpc bk_https bk_init bk_libs bk_log bk_modem bk_netif bk_peripheral bk_player_service bk_pm bk_ps bk_rtos bk_startup bk_system bk_uid bk_usb bk_uvc bk_vfs bk_voice_service bk_websocket bk_wifi bk_wifi_driver bt cm33 cmsis common compal compress console coredump cs2p2p display_service driver easy_flash embeded_gcov eq_algorithm fatfs flashdb frame_array_stream g711_decoder g711_encoder g722_decoder g722_encoder hmac_sha_256 http image_convert include iperf json key key_handle littlefs lvgl lwip_intf_v2_1 media_service media_utils mp3_decoder multimedia onboard_dual_dmic_mic_stream onboard_mic_stream onboard_speaker_stream opus_dec opus_enc os os_source ota part_table partitions psa_mbedtls raw_stream release rsp_algorithm touch tuyaos_adapter uac_mic_stream uac_speaker_stream uart_debug uart_stream unity utf8 vfs_stream wanson wav_decoder webclient wifi_transfer
-- Configuring done (4.9s)
Changing ARMINO_PATH environment variable to: e:\tuyaopen\duckyclaw\tuyaopen\platform\t5ai\t5_os
E:\TuyaOpen\DuckyClaw\TuyaOpen\platform\T5AI\t5_os\tools\build_tools\armino:366: DeprecationWarning: 'MultiCommand' is deprecated and will be removed in Click 9.0. Use 'Group' instead.
  class CLI(click.MultiCommand):
[1/601] armino ====> gen file E:/tuyaopen/duckyclaw/tuyaopen/platform/t5ai/t5_os/build/bk7258/tuya_app/bk7258/project_elf_src.c...
[2/601] Generating _build/security.h
FAILED: [code=1] armino/partitions/_build/security.h E:/tuyaopen/duckyclaw/tuyaopen/platform/t5ai/t5_os/build/bk7258/tuya_app/bk7258/armino/partitions/_build/security.h 
C:\Windows\system32\cmd.exe /C "cd /D E:\tuyaopen\duckyclaw\tuyaopen\platform\t5ai\t5_os\build\bk7258\tuya_app\bk7258\armino\partitions && C:\Users\Administrator\AppData\Local\CoPaw\python.exe E:/TuyaOpen/DuckyClaw/TuyaOpen/platform/T5AI/t5_os/tools/build_tools/build_process/bk_sdk/bk_prebuild.py bk7258"
Traceback (most recent call last):
  File "E:\TuyaOpen\DuckyClaw\TuyaOpen\platform\T5AI\t5_os\tools\build_tools\build_process\bk_sdk\bk_prebuild.py", line 116, in <module>
    prebuild()
  File "E:\TuyaOpen\DuckyClaw\TuyaOpen\platform\T5AI\t5_os\tools\build_tools\build_process\bk_sdk\bk_prebuild.py", line 110, in prebuild
    raise RuntimeError(f"run {bk_utils_script} fail")
RuntimeError: run E:\TuyaOpen\DuckyClaw\TuyaOpen\platform\T5AI\t5_os\tools\env_tools\beken_utils\main.py fail
ninja: build stopped: subcommand failed.
ninja failed with exit code 1
Executing action: all (aliases: build)
Running ninja in directory e:\tuyaopen\duckyclaw\tuyaopen\platform\t5ai\t5_os\build\bk7258\tuya_app\bk7258
Executing "ninja all"...
make[1]: *** [E:/TuyaOpen/DuckyClaw/TuyaOpen/platform/T5AI/t5_os/tools/build_tools/build_files/build_main.mk:128: bk7258] Error 2
make[1]: Leaving directory 'E:/TuyaOpen/DuckyClaw/TuyaOpen/platform/T5AI/t5_os/cp'
make: *** [tools/build_main.mk:115: bk7258_cp] Error 2
make: *** Waiting for unfinished jobs....
-- Generating done (0.9s)
-- Build files have been written to: E:/tuyaopen/duckyclaw/tuyaopen/platform/t5ai/t5_os/build/bk7258/tuya_app/bk7258_ap
Executing action: set-target
Build directory 'e:\tuyaopen\duckyclaw\tuyaopen\platform\t5ai\t5_os\build\bk7258\tuya_app\bk7258_ap' not found. Nothing to clean.
Running cmake in directory e:\tuyaopen\duckyclaw\tuyaopen\platform\t5ai\t5_os\build\bk7258\tuya_app\bk7258_ap
Executing "cmake -G Ninja -DPYTHON_DEPS_CHECKED=1 -DBEKEN_PLATFORM=1 -DARMINO_SOC=bk7258_ap -DCCACHE_ENABLE=0 e:\tuyaopen\duckyclaw\tuyaopen\platform\t5ai\t5_os\projects\tuya_app"...
Done
Changing ARMINO_PATH environment variable to: e:\tuyaopen\duckyclaw\tuyaopen\platform\t5ai\t5_os
E:\TuyaOpen\DuckyClaw\TuyaOpen\platform\T5AI\t5_os\tools\build_tools\armino:366: DeprecationWarning: 'MultiCommand' is deprecated and will be removed in Click 9.0. Use 'Group' instead.
  class CLI(click.MultiCommand):
[1/669] Generating linker script...
cc1.exe: warning:  is shorter than expected
[2/669] armino ====> gen file E:/tuyaopen/duckyclaw/tuyaopen/platform/t5ai/t5_os/build/bk7258/tuya_app/bk7258_ap/project_elf_src.c...
[3/669] Generating _build/security.h
FAILED: [code=1] armino/partitions/_build/security.h E:/tuyaopen/duckyclaw/tuyaopen/platform/t5ai/t5_os/build/bk7258/tuya_app/bk7258_ap/armino/partitions/_build/security.h 
C:\Windows\system32\cmd.exe /C "cd /D E:\tuyaopen\duckyclaw\tuyaopen\platform\t5ai\t5_os\build\bk7258\tuya_app\bk7258_ap\armino\partitions && C:\Users\Administrator\AppData\Local\CoPaw\python.exe E:/TuyaOpen/DuckyClaw/TuyaOpen/platform/T5AI/t5_os/tools/build_tools/build_process/bk_sdk/bk_prebuild.py bk7258_ap"
Traceback (most recent call last):
  File "E:\TuyaOpen\DuckyClaw\TuyaOpen\platform\T5AI\t5_os\tools\build_tools\build_process\bk_sdk\bk_prebuild.py", line 116, in <module>
    prebuild()
  File "E:\TuyaOpen\DuckyClaw\TuyaOpen\platform\T5AI\t5_os\tools\build_tools\build_process\bk_sdk\bk_prebuild.py", line 110, in prebuild
    raise RuntimeError(f"run {bk_utils_script} fail")
RuntimeError: run E:\TuyaOpen\DuckyClaw\TuyaOpen\platform\T5AI\t5_os\tools\env_tools\beken_utils\main.py fail
ninja: build stopped: subcommand failed.
ninja failed with exit code 1
Executing action: all (aliases: build)
Running ninja in directory e:\tuyaopen\duckyclaw\tuyaopen\platform\t5ai\t5_os\build\bk7258\tuya_app\bk7258_ap
Executing "ninja all"...
make[1]: *** [E:/TuyaOpen/DuckyClaw/TuyaOpen/platform/T5AI/t5_os/tools/build_tools/build_files/build_main.mk:128: bk7258_ap] Error 2
make[1]: Leaving directory 'E:/TuyaOpen/DuckyClaw/TuyaOpen/platform/T5AI/t5_os/ap'
make: *** [tools/build_main.mk:112: bk7258_ap] Error 2
make failed, 2
